<?xml version="1.0" encoding="UTF-8"?>
<!-- Generated by org.testng.reporters.JUnitReportReporter -->
<testsuite hostname="DESKTOP-09J73A0" failures="0" tests="1" name="com.sevenmart.tests.PushNotificationsTest" time="18.620" errors="0" timestamp="2023-07-27T22:10:05 IST" skipped="0">
  <testcase classname="com.sevenmart.tests.PushNotificationsTest" name="verify_EnterStringOnTitleAndDescription" time="18.620"/>
  <system-out/>
</testsuite> <!-- com.sevenmart.tests.PushNotificationsTest -->
