<?xml version="1.0" encoding="UTF-8"?>
<!-- Generated by org.testng.reporters.JUnitReportReporter -->
<testsuite hostname="DESKTOP-09J73A0" failures="0" tests="1" name="com.sevenmart.tests.ManageDeliveryBoyTest" time="15.877" errors="0" timestamp="2023-07-31T13:32:58 IST" skipped="0">
  <testcase classname="com.sevenmart.tests.ManageDeliveryBoyTest" name="verify_ResultNotFoundForNonExistingDeliveryBoy" time="15.877"/>
  <system-out/>
</testsuite> <!-- com.sevenmart.tests.ManageDeliveryBoyTest -->
